빌드 시작: 2016-05-05 오후 9:59:31
     1>2 노드의 "D:\1mythings\part-time\Heat image program\origin_program\응력측정프로그램 (2)\소프트웨어\PTW_Load\CalcLib\CalcLib.vcxproj" 프로젝트(Build 대상)입니다.
     1>C:\Program Files (x86)\MSBuild\Microsoft.Cpp\v4.0\V110\Microsoft.CppBuild.targets(346,5): warning MSB8004: Output Directory does not end with a trailing slash.  This build instance will add the slash as it is required to allow proper evaluation of the Output Directory.
     1>ClCompile:
         D:\Program Files\vs2012\VC\bin\CL.exe /c /AI"C:\Program Files (x86)\Reference Assemblies\Microsoft\Framework\.NETFramework\v4.5\\" /AI"C:\Program Files (x86)\Windows Kits\8.0\References\CommonConfiguration\Neutral" /AI"C:\Program Files (x86)\Reference Assemblies\Microsoft\Framework\.NETFramework\v4.5\Facades\\" /Zi /clr /nologo /W3 /WX- /Od /Oy- /D WIN32 /D _DEBUG /D _WINDLL /D _UNICODE /D UNICODE /EHa /MDd /GS /fp:precise /Zc:wchar_t /Zc:forScope /openmp /Yu"stdafx.h" /Fp"Debug\CalcLib.pch" /Fo"Debug\\" /Fd"Debug\vc110.pdb" /TP /FU"C:\Program Files (x86)\Reference Assemblies\Microsoft\Framework\.NETFramework\v4.5\mscorlib.dll" /FU"C:\Program Files (x86)\Reference Assemblies\Microsoft\Framework\.NETFramework\v4.5\System.Data.dll" /FU"C:\Program Files (x86)\Reference Assemblies\Microsoft\Framework\.NETFramework\v4.5\System.dll" /FU"C:\Program Files (x86)\Reference Assemblies\Microsoft\Framework\.NETFramework\v4.5\System.Xml.dll" /analyze- /errorReport:prompt /clr:nostdlib CalcLib.cpp
         CalcLib.cpp
     1>CalcLib.cpp(75): warning C4018: '<' : signed 또는 unsigned가 일치하지 않습니다.
     1>CalcLib.cpp(79): warning C4018: '<' : signed 또는 unsigned가 일치하지 않습니다.
     1>CalcLib.cpp(83): warning C4018: '>' : signed 또는 unsigned가 일치하지 않습니다.
     1>CalcLib.cpp(87): warning C4018: '>' : signed 또는 unsigned가 일치하지 않습니다.
     1>CalcLib.cpp(110): warning C4018: '<' : signed 또는 unsigned가 일치하지 않습니다.
     1>CalcLib.cpp(114): warning C4018: '<' : signed 또는 unsigned가 일치하지 않습니다.
     1>CalcLib.cpp(118): warning C4018: '>' : signed 또는 unsigned가 일치하지 않습니다.
     1>CalcLib.cpp(122): warning C4018: '>' : signed 또는 unsigned가 일치하지 않습니다.
     1>CalcLib.cpp(196): warning C4244: '초기화 중' : 'double'에서 'byte'(으)로 변환하면서 데이터가 손실될 수 있습니다.
     1>CalcLib.cpp(261): warning C4244: '초기화 중' : 'double'에서 'byte'(으)로 변환하면서 데이터가 손실될 수 있습니다.
       Link:
         D:\Program Files\vs2012\VC\bin\link.exe /ERRORREPORT:PROMPT /OUT:"../PTW_LOAD/bin/Debug\CalcLib.dll" /INCREMENTAL /NOLOGO kernel32.lib user32.lib gdi32.lib winspool.lib comdlg32.lib advapi32.lib shell32.lib ole32.lib oleaut32.lib uuid.lib odbc32.lib odbccp32.lib /MANIFEST /MANIFESTUAC:"level='asInvoker' uiAccess='false'" /manifest:embed /DEBUG /PDB:"../PTW_LOAD/bin/Debug\CalcLib.pdb" /ASSEMBLYDEBUG /TLBID:1 /DYNAMICBASE /FIXED:NO /NXCOMPAT /MACHINE:X86 /DLL Debug\app.res
         Debug\AssemblyInfo.obj
         Debug\CalcLib.obj
         Debug\Stdafx.obj
         "Debug\.NETFramework,Version=v4.5.AssemblyAttributes.obj"
            ../PTW_LOAD/bin/Debug\CalcLib.lib 라이브러리 및 ../PTW_LOAD/bin/Debug\CalcLib.exp 개체를 생성하고 있습니다.
         CalcLib.vcxproj -> D:\1mythings\part-time\Heat image program\origin_program\응력측정프로그램 (2)\소프트웨어\PTW_Load\CalcLib\../PTW_LOAD/bin/Debug\CalcLib.dll
     1>"D:\1mythings\part-time\Heat image program\origin_program\응력측정프로그램 (2)\소프트웨어\PTW_Load\CalcLib\CalcLib.vcxproj" 프로젝트를 빌드했습니다(Build 대상).

빌드했습니다.

경과 시간: 00:00:01.29
