䑞尺洱瑹楨杮屳慰瑲琭浩履效瑡椠慭敧瀠潲牧浡桜慥彴浩条彥牰杯慲屭呐彗潌摡䍜污䱣扩䍜污䱣扩瘮硣牰橯਍㩄ㅜ祭桴湩獧灜牡⵴楴敭䡜慥⁴浩条⁥牰杯慲屭敨瑡楟慭敧灟潲牧浡停坔䱟慯層呐彗佌䑁扜湩䑜扥杵䍜污䱣扩氮扩਍㩄ㅜ祭桴湩獧灜牡⵴楴敭䡜慥⁴浩条⁥牰杯慲屭敨瑡楟慭敧灟潲牧浡停坔䱟慯層呐彗佌䑁扜湩䑜扥杵䍜污䱣扩攮灸਍䑞尺洱瑹楨杮屳慰瑲琭浩履效瑡椠慭敧瀠潲牧浡桜慥彴浩条彥牰杯慲屭呐彗潌摡䍜污䱣扩䍜污䱣扩瘮硣牰橯਍㩄ㅜ祭桴湩獧灜牡⵴楴敭䡜慥⁴浩条⁥牰杯慲屭敨瑡楟慭敧灟潲牧浡停坔䱟慯層呐彗佌䑁扜湩䑜扥杵䍜污䱣扩氮扩਍㩄ㅜ祭桴湩獧灜牡⵴楴敭䡜慥⁴浩条⁥牰杯慲屭敨瑡楟慭敧灟潲牧浡停坔䱟慯層呐彗佌䑁扜湩䑜扥杵䍜污䱣扩攮灸਍䑞尺洱瑹楨杮屳慰瑲琭浩履效瑡椠慭敧瀠潲牧浡桜慥彴浩条彥牰杯慲屭呐彗潌摡䍜污䱣扩䍜污䱣扩瘮硣牰橯਍㩄ㅜ祭桴湩獧灜牡⵴楴敭䡜慥⁴浩条⁥牰杯慲屭敨瑡楟慭敧灟潲牧浡停坔䱟慯層呐彗佌䑁扜湩䑜扥杵䍜污䱣扩氮扩਍㩄ㅜ祭桴湩獧灜牡⵴楴敭䡜慥⁴浩条⁥牰杯慲屭敨瑡楟慭敧灟潲牧浡停坔䱟慯層呐彗佌䑁扜湩䑜扥杵䍜污䱣扩攮灸਍䑞尺洱瑹楨杮屳慰瑲琭浩履效瑡椠慭敧瀠潲牧浡桜慥彴浩条彥牰杯慲屭呐彗潌摡䍜污䱣扩䍜污䱣扩瘮硣牰橯਍㩄ㅜ祭桴湩獧灜牡⵴楴敭䡜慥⁴浩条⁥牰杯慲屭敨瑡楟慭敧灟潲牧浡停坔䱟慯層呐彗佌䑁扜湩䑜扥杵䍜污䱣扩氮扩਍㩄ㅜ祭桴湩獧灜牡⵴楴敭䡜慥⁴浩条⁥牰杯慲屭敨瑡楟慭敧灟潲牧浡停坔䱟慯層呐彗佌䑁扜湩䑜扥杵䍜污䱣扩攮灸਍䑞尺洱瑹楨杮屳慰瑲琭浩履效瑡椠慭敧瀠潲牧浡桜慥彴浩条彥牰杯慲屭呐彗潌摡䍜污䱣扩䍜污䱣扩瘮硣牰橯਍㩄ㅜ祭桴湩獧灜牡⵴楴敭䡜慥⁴浩条⁥牰杯慲屭敨瑡楟慭敧灟潲牧浡停坔䱟慯層呐彗佌䑁扜湩䑜扥杵䍜污䱣扩氮扩਍㩄ㅜ祭桴湩獧灜牡⵴楴敭䡜慥⁴浩条⁥牰杯慲屭敨瑡楟慭敧灟潲牧浡停坔䱟慯層呐彗佌䑁扜湩䑜扥杵䍜污䱣扩攮灸਍
D:\1MYTHINGS\PART-TIME\HEAT IMAGE PROGRAM\HEAT_IMAGE_PROGRAM\PTW_LOAD\CALCLIB\DEBUG\CALCLIB.PCH
D:\1MYTHINGS\PART-TIME\HEAT IMAGE PROGRAM\HEAT_IMAGE_PROGRAM\PTW_LOAD\CALCLIB\DEBUG\STDAFX.OBJ
D:\1MYTHINGS\PART-TIME\HEAT IMAGE PROGRAM\HEAT_IMAGE_PROGRAM\PTW_LOAD\CALCLIB\DEBUG\VC110.PDB
D:\1MYTHINGS\PART-TIME\HEAT IMAGE PROGRAM\HEAT_IMAGE_PROGRAM\PTW_LOAD\CALCLIB\DEBUG\CALCLIB.OBJ
D:\1MYTHINGS\PART-TIME\HEAT IMAGE PROGRAM\HEAT_IMAGE_PROGRAM\PTW_LOAD\CALCLIB\DEBUG\ASSEMBLYINFO.OBJ
D:\1MYTHINGS\PART-TIME\HEAT IMAGE PROGRAM\HEAT_IMAGE_PROGRAM\PTW_LOAD\CALCLIB\DEBUG\.NETFRAMEWORK,VERSION=V4.5.2.ASSEMBLYATTRIBUTES.OBJ
D:\1MYTHINGS\PART-TIME\HEAT IMAGE PROGRAM\HEAT_IMAGE_PROGRAM\PTW_LOAD\PTW_LOAD\BIN\DEBUG\CALCLIB.ILK
D:\1MYTHINGS\PART-TIME\HEAT IMAGE PROGRAM\HEAT_IMAGE_PROGRAM\PTW_LOAD\PTW_LOAD\BIN\DEBUG\CALCLIB.DLL
D:\1MYTHINGS\PART-TIME\HEAT IMAGE PROGRAM\HEAT_IMAGE_PROGRAM\PTW_LOAD\PTW_LOAD\BIN\DEBUG\CALCLIB.PDB
D:\1MYTHINGS\PART-TIME\HEAT IMAGE PROGRAM\HEAT_IMAGE_PROGRAM\PTW_LOAD\CALCLIB\DEBUG\APP.RES
D:\1mythings\part-time\Heat image program\heat_image_program\PTW_Load\CalcLib\Debug\CalcLib.vcxprojResolveAssemblyReference.cache
D:\1mythings\part-time\Heat image program\heat_image_program\PTW_Load\CalcLib\Debug\.NETFramework,Version=v4.5.2.AssemblyAttributes.obj
D:\1mythings\part-time\Heat image program\heat_image_program\PTW_Load\CalcLib\Debug\AssemblyInfo.obj
D:\1mythings\part-time\Heat image program\heat_image_program\PTW_Load\CalcLib\Debug\CalcLib.obj
D:\1mythings\part-time\Heat image program\heat_image_program\PTW_Load\CalcLib\Debug\Stdafx.obj
D:\1mythings\part-time\Heat image program\heat_image_program\PTW_Load\CalcLib\Debug\CalcLib.write.1.tlog
D:\1mythings\part-time\Heat image program\heat_image_program\PTW_Load\CalcLib\Debug\cl.command.1.tlog
D:\1mythings\part-time\Heat image program\heat_image_program\PTW_Load\CalcLib\Debug\CL.read.1.tlog
D:\1mythings\part-time\Heat image program\heat_image_program\PTW_Load\CalcLib\Debug\CL.write.1.tlog
D:\1mythings\part-time\Heat image program\heat_image_program\PTW_Load\CalcLib\Debug\link.10052-cvtres.read.1.tlog
D:\1mythings\part-time\Heat image program\heat_image_program\PTW_Load\CalcLib\Debug\link.10052-cvtres.write.1.tlog
D:\1mythings\part-time\Heat image program\heat_image_program\PTW_Load\CalcLib\Debug\link.10052-rc.read.1.tlog
D:\1mythings\part-time\Heat image program\heat_image_program\PTW_Load\CalcLib\Debug\link.10052-rc.write.1.tlog
D:\1mythings\part-time\Heat image program\heat_image_program\PTW_Load\CalcLib\Debug\link.10052.read.1.tlog
D:\1mythings\part-time\Heat image program\heat_image_program\PTW_Load\CalcLib\Debug\link.10052.write.1.tlog
D:\1mythings\part-time\Heat image program\heat_image_program\PTW_Load\CalcLib\Debug\link.11400-cvtres.read.1.tlog
D:\1mythings\part-time\Heat image program\heat_image_program\PTW_Load\CalcLib\Debug\link.11400-cvtres.write.1.tlog
D:\1mythings\part-time\Heat image program\heat_image_program\PTW_Load\CalcLib\Debug\link.11400-rc.read.1.tlog
D:\1mythings\part-time\Heat image program\heat_image_program\PTW_Load\CalcLib\Debug\link.11400-rc.write.1.tlog
D:\1mythings\part-time\Heat image program\heat_image_program\PTW_Load\CalcLib\Debug\link.11400.read.1.tlog
D:\1mythings\part-time\Heat image program\heat_image_program\PTW_Load\CalcLib\Debug\link.11400.write.1.tlog
D:\1mythings\part-time\Heat image program\heat_image_program\PTW_Load\CalcLib\Debug\link.12748-cvtres.read.1.tlog
D:\1mythings\part-time\Heat image program\heat_image_program\PTW_Load\CalcLib\Debug\link.12748-cvtres.write.1.tlog
D:\1mythings\part-time\Heat image program\heat_image_program\PTW_Load\CalcLib\Debug\link.12748-rc.read.1.tlog
D:\1mythings\part-time\Heat image program\heat_image_program\PTW_Load\CalcLib\Debug\link.12748-rc.write.1.tlog
D:\1mythings\part-time\Heat image program\heat_image_program\PTW_Load\CalcLib\Debug\link.12748.read.1.tlog
D:\1mythings\part-time\Heat image program\heat_image_program\PTW_Load\CalcLib\Debug\link.12748.write.1.tlog
D:\1mythings\part-time\Heat image program\heat_image_program\PTW_Load\CalcLib\Debug\link.4284-cvtres.read.1.tlog
D:\1mythings\part-time\Heat image program\heat_image_program\PTW_Load\CalcLib\Debug\link.4284-cvtres.write.1.tlog
D:\1mythings\part-time\Heat image program\heat_image_program\PTW_Load\CalcLib\Debug\link.4284-rc.read.1.tlog
D:\1mythings\part-time\Heat image program\heat_image_program\PTW_Load\CalcLib\Debug\link.4284-rc.write.1.tlog
D:\1mythings\part-time\Heat image program\heat_image_program\PTW_Load\CalcLib\Debug\link.4284.read.1.tlog
D:\1mythings\part-time\Heat image program\heat_image_program\PTW_Load\CalcLib\Debug\link.4284.write.1.tlog
D:\1mythings\part-time\Heat image program\heat_image_program\PTW_Load\CalcLib\Debug\link.5872-cvtres.read.1.tlog
D:\1mythings\part-time\Heat image program\heat_image_program\PTW_Load\CalcLib\Debug\link.5872-cvtres.write.1.tlog
D:\1mythings\part-time\Heat image program\heat_image_program\PTW_Load\CalcLib\Debug\link.5872-rc.read.1.tlog
D:\1mythings\part-time\Heat image program\heat_image_program\PTW_Load\CalcLib\Debug\link.5872-rc.write.1.tlog
D:\1mythings\part-time\Heat image program\heat_image_program\PTW_Load\CalcLib\Debug\link.5872.read.1.tlog
D:\1mythings\part-time\Heat image program\heat_image_program\PTW_Load\CalcLib\Debug\link.5872.write.1.tlog
D:\1mythings\part-time\Heat image program\heat_image_program\PTW_Load\CalcLib\Debug\link.6768-cvtres.read.1.tlog
D:\1mythings\part-time\Heat image program\heat_image_program\PTW_Load\CalcLib\Debug\link.6768-cvtres.write.1.tlog
D:\1mythings\part-time\Heat image program\heat_image_program\PTW_Load\CalcLib\Debug\link.6768-rc.read.1.tlog
D:\1mythings\part-time\Heat image program\heat_image_program\PTW_Load\CalcLib\Debug\link.6768-rc.write.1.tlog
D:\1mythings\part-time\Heat image program\heat_image_program\PTW_Load\CalcLib\Debug\link.6768.read.1.tlog
D:\1mythings\part-time\Heat image program\heat_image_program\PTW_Load\CalcLib\Debug\link.6768.write.1.tlog
D:\1mythings\part-time\Heat image program\heat_image_program\PTW_Load\CalcLib\Debug\link.8152-cvtres.read.1.tlog
D:\1mythings\part-time\Heat image program\heat_image_program\PTW_Load\CalcLib\Debug\link.8152-cvtres.write.1.tlog
D:\1mythings\part-time\Heat image program\heat_image_program\PTW_Load\CalcLib\Debug\link.8152-rc.read.1.tlog
D:\1mythings\part-time\Heat image program\heat_image_program\PTW_Load\CalcLib\Debug\link.8152-rc.write.1.tlog
D:\1mythings\part-time\Heat image program\heat_image_program\PTW_Load\CalcLib\Debug\link.8152.read.1.tlog
D:\1mythings\part-time\Heat image program\heat_image_program\PTW_Load\CalcLib\Debug\link.8152.write.1.tlog
D:\1mythings\part-time\Heat image program\heat_image_program\PTW_Load\CalcLib\Debug\link.9000-cvtres.read.1.tlog
D:\1mythings\part-time\Heat image program\heat_image_program\PTW_Load\CalcLib\Debug\link.9000-cvtres.write.1.tlog
D:\1mythings\part-time\Heat image program\heat_image_program\PTW_Load\CalcLib\Debug\link.9000-rc.read.1.tlog
D:\1mythings\part-time\Heat image program\heat_image_program\PTW_Load\CalcLib\Debug\link.9000-rc.write.1.tlog
D:\1mythings\part-time\Heat image program\heat_image_program\PTW_Load\CalcLib\Debug\link.9000.read.1.tlog
D:\1mythings\part-time\Heat image program\heat_image_program\PTW_Load\CalcLib\Debug\link.9000.write.1.tlog
D:\1mythings\part-time\Heat image program\heat_image_program\PTW_Load\CalcLib\Debug\link.command.1.tlog
D:\1mythings\part-time\Heat image program\heat_image_program\PTW_Load\CalcLib\Debug\link.read.1.tlog
D:\1mythings\part-time\Heat image program\heat_image_program\PTW_Load\CalcLib\Debug\link.write.1.tlog
D:\1mythings\part-time\Heat image program\heat_image_program\PTW_Load\CalcLib\Debug\metagen.read.1.tlog
D:\1mythings\part-time\Heat image program\heat_image_program\PTW_Load\CalcLib\Debug\metagen.write.1.tlog
D:\1mythings\part-time\Heat image program\heat_image_program\PTW_Load\CalcLib\Debug\rc.command.1.tlog
D:\1mythings\part-time\Heat image program\heat_image_program\PTW_Load\CalcLib\Debug\rc.read.1.tlog
D:\1mythings\part-time\Heat image program\heat_image_program\PTW_Load\CalcLib\Debug\rc.write.1.tlog
D:\1mythings\part-time\Heat image program\heat_image_program\PTW_Load\CalcLib\Debug\app.res
D:\1mythings\part-time\Heat image program\heat_image_program\PTW_Load\CalcLib\Debug\CalcLib.pch
D:\1mythings\part-time\Heat image program\heat_image_program\PTW_Load\CalcLib\Debug\vc110.pdb
D:\1mythings\part-time\Heat image program\heat_image_program\PTW_Load\CalcLib\Debug\RSAENH.DLL.bi
D:\1mythings\part-time\Heat image program\heat_image_program\PTW_Load\CalcLib\Debug\TZRES.DLL.bi
D:\1mythings\part-time\Heat image program\heat_image_program\PTW_Load\CalcLib\../PTW_LOAD/bin/Debug\CalcLib.dll
