C:\Program Files (x86)\MSBuild\Microsoft.Cpp\v4.0\V140\Microsoft.CppBuild.targets(368,5): warning MSB8004: Output Directory does not end with a trailing slash.  This build instance will add the slash as it is required to allow proper evaluation of the Output Directory.
  Stdafx.cpp
  AssemblyInfo.cpp
AssemblyInfo.cpp(40): warning C4947: 'System::Security::Permissions::SecurityAction::RequestMinimum': marked as obsolete
  AssemblyInfo.cpp(40): note: Message: 'Assembly level declarative security is obsolete and is no longer enforced by the CLR by default. See http://go.microsoft.com/fwlink/?LinkID=155570 for more information.'
  CalcLib.cpp
CalcLib.cpp(75): warning C4018: '<': signed/unsigned mismatch
CalcLib.cpp(79): warning C4018: '<': signed/unsigned mismatch
CalcLib.cpp(83): warning C4018: '>': signed/unsigned mismatch
CalcLib.cpp(87): warning C4018: '>': signed/unsigned mismatch
CalcLib.cpp(110): warning C4018: '<': signed/unsigned mismatch
CalcLib.cpp(114): warning C4018: '<': signed/unsigned mismatch
CalcLib.cpp(118): warning C4018: '>': signed/unsigned mismatch
CalcLib.cpp(122): warning C4018: '>': signed/unsigned mismatch
CalcLib.cpp(196): warning C4244: 'initializing': conversion from 'double' to 'byte', possible loss of data
CalcLib.cpp(261): warning C4244: 'initializing': conversion from 'double' to 'byte', possible loss of data
  Generating Code...
  .NETFramework,Version=v4.5.2.AssemblyAttributes.cpp
     Creating library ../PTW_LOAD_bin_Release\CalcLib.lib and object ../PTW_LOAD_bin_Release\CalcLib.exp
  CalcLib.vcxproj -> Y:\lhw\parttime\Heat image program\heat_image_program\PTW_Load\CalcLib\../PTW_LOAD_bin_Release\CalcLib.dll
