D:\1mythings\part-time\Heat image program\heat_image_program\PTW_Load\PTW_LOAD_bin_Release\CalcLib.lib
D:\1mythings\part-time\Heat image program\heat_image_program\PTW_Load\PTW_LOAD_bin_Release\CalcLib.exp
D:\1MYTHINGS\PART-TIME\HEAT IMAGE PROGRAM\HEAT_IMAGE_PROGRAM\PTW_LOAD\CALCLIB\RELEASE\CALCLIB.PCH
D:\1MYTHINGS\PART-TIME\HEAT IMAGE PROGRAM\HEAT_IMAGE_PROGRAM\PTW_LOAD\CALCLIB\RELEASE\STDAFX.OBJ
D:\1MYTHINGS\PART-TIME\HEAT IMAGE PROGRAM\HEAT_IMAGE_PROGRAM\PTW_LOAD\CALCLIB\RELEASE\VC110.PDB
D:\1MYTHINGS\PART-TIME\HEAT IMAGE PROGRAM\HEAT_IMAGE_PROGRAM\PTW_LOAD\CALCLIB\RELEASE\CALCLIB.OBJ
D:\1MYTHINGS\PART-TIME\HEAT IMAGE PROGRAM\HEAT_IMAGE_PROGRAM\PTW_LOAD\CALCLIB\RELEASE\ASSEMBLYINFO.OBJ
D:\1MYTHINGS\PART-TIME\HEAT IMAGE PROGRAM\HEAT_IMAGE_PROGRAM\PTW_LOAD\CALCLIB\RELEASE\.NETFRAMEWORK,VERSION=V4.5.2.ASSEMBLYATTRIBUTES.OBJ
D:\1MYTHINGS\PART-TIME\HEAT IMAGE PROGRAM\HEAT_IMAGE_PROGRAM\PTW_LOAD\PTW_LOAD_BIN_RELEASE\CALCLIB.DLL
D:\1MYTHINGS\PART-TIME\HEAT IMAGE PROGRAM\HEAT_IMAGE_PROGRAM\PTW_LOAD\PTW_LOAD_BIN_RELEASE\CALCLIB.PDB
D:\1MYTHINGS\PART-TIME\HEAT IMAGE PROGRAM\HEAT_IMAGE_PROGRAM\PTW_LOAD\CALCLIB\RELEASE\APP.RES
D:\1mythings\part-time\Heat image program\heat_image_program\PTW_Load\CalcLib\Release\CalcLib.vcxprojResolveAssemblyReference.cache
D:\1mythings\part-time\Heat image program\heat_image_program\PTW_Load\CalcLib\Release\.NETFramework,Version=v4.5.2.AssemblyAttributes.obj
D:\1mythings\part-time\Heat image program\heat_image_program\PTW_Load\CalcLib\Release\AssemblyInfo.obj
D:\1mythings\part-time\Heat image program\heat_image_program\PTW_Load\CalcLib\Release\CalcLib.obj
D:\1mythings\part-time\Heat image program\heat_image_program\PTW_Load\CalcLib\Release\Stdafx.obj
D:\1mythings\part-time\Heat image program\heat_image_program\PTW_Load\CalcLib\Release\CalcLib.write.1.tlog
D:\1mythings\part-time\Heat image program\heat_image_program\PTW_Load\CalcLib\Release\cl.command.1.tlog
D:\1mythings\part-time\Heat image program\heat_image_program\PTW_Load\CalcLib\Release\CL.read.1.tlog
D:\1mythings\part-time\Heat image program\heat_image_program\PTW_Load\CalcLib\Release\CL.write.1.tlog
D:\1mythings\part-time\Heat image program\heat_image_program\PTW_Load\CalcLib\Release\link-cvtres.read.1.tlog
D:\1mythings\part-time\Heat image program\heat_image_program\PTW_Load\CalcLib\Release\link-cvtres.write.1.tlog
D:\1mythings\part-time\Heat image program\heat_image_program\PTW_Load\CalcLib\Release\link-rc.read.1.tlog
D:\1mythings\part-time\Heat image program\heat_image_program\PTW_Load\CalcLib\Release\link-rc.write.1.tlog
D:\1mythings\part-time\Heat image program\heat_image_program\PTW_Load\CalcLib\Release\link.command.1.tlog
D:\1mythings\part-time\Heat image program\heat_image_program\PTW_Load\CalcLib\Release\link.read.1.tlog
D:\1mythings\part-time\Heat image program\heat_image_program\PTW_Load\CalcLib\Release\link.write.1.tlog
D:\1mythings\part-time\Heat image program\heat_image_program\PTW_Load\CalcLib\Release\metagen.read.1.tlog
D:\1mythings\part-time\Heat image program\heat_image_program\PTW_Load\CalcLib\Release\metagen.write.1.tlog
D:\1mythings\part-time\Heat image program\heat_image_program\PTW_Load\CalcLib\Release\rc.command.1.tlog
D:\1mythings\part-time\Heat image program\heat_image_program\PTW_Load\CalcLib\Release\rc.read.1.tlog
D:\1mythings\part-time\Heat image program\heat_image_program\PTW_Load\CalcLib\Release\rc.write.1.tlog
D:\1mythings\part-time\Heat image program\heat_image_program\PTW_Load\CalcLib\Release\app.res
D:\1mythings\part-time\Heat image program\heat_image_program\PTW_Load\CalcLib\Release\CalcLib.pch
D:\1mythings\part-time\Heat image program\heat_image_program\PTW_Load\CalcLib\Release\vc110.pdb
D:\1mythings\part-time\Heat image program\heat_image_program\PTW_Load\CalcLib\Release\vc140.pdb
D:\1mythings\part-time\Heat image program\heat_image_program\PTW_Load\CalcLib\Release\RSAENH.DLL.bi
D:\1mythings\part-time\Heat image program\heat_image_program\PTW_Load\CalcLib\Release\TZRES.DLL.bi
D:\1mythings\part-time\Heat image program\heat_image_program\PTW_Load\CalcLib\../PTW_LOAD_bin_Release\CalcLib.dll
